{
  "RSpec": {
    "coverage": {
      "/Users/sam/Github/diabetes-dashboard/lib/diabetes_dashboard.rb": [
        1,
        1,
        1,
        null,
        1,
        null,
        1,
        1,
        null,
        1,
        2,
        null,
        null,
        null,
        null,
        null,
        2,
        2,
        null,
        null,
        1,
        7,
        null,
        null,
        1,
        1,
        7,
        null,
        null,
        1,
        null,
        null,
        null,
        null,
        null,
        2,
        null,
        null,
        1,
        null,
        null,
        2,
        null,
        null,
        1,
        2,
        null,
        null
      ]
    },
    "timestamp": 1390512724
  }
}
